Arguments: 
  /Users/Matt/.nvm/versions/node/v11.6.0/bin/node /Users/Matt/.nvm/versions/node/v11.6.0/bin/yarn global bin

PATH: 
  /Applications/Visual Studio Code.app/Contents/Resources/app/bin:/usr/local/opt/imagemagick@6/bin:/Users/Matt/.nvm/versions/node/v11.6.0/bin:/Users/Matt/.rvm/gems/ruby-2.3.3/bin:/Users/Matt/.rvm/gems/ruby-2.3.3@global/bin:/Users/Matt/.rvm/rubies/ruby-2.3.3/bin:/Users/Matt/.rvm/bin:/Applications/Postgres.app/Contents/Versions/latest/bin:/usr/local:/usr/local/bin:/usr/local/sbin:/usr/bin:/usr/local/bin:/usr/bin:/bin:/usr/sbin:/sbin:/Applications/Visual Studio Code.app/Contents/Resources/app/bin:/usr/local/opt/imagemagick@6/bin:/Applications/Postgres.app/Contents/Versions/latest/bin:/usr/local:/usr/local/sbin:info If you think this is a bug, please open a bug report with the information provided in "/Users/Matt/flatiron/Hirely/yarn-error.log".
  info Visit https://yarnpkg.com/en/docs/cli/global for documentation about this command.

Yarn version: 
  1.13.0

Node version: 
  11.6.0

Platform: 
  darwin x64

Trace: 
  SyntaxError: /Users/Matt/flatiron/Hirely/package.json: Unexpected token , in JSON at position 63
      at JSON.parse (<anonymous>)
      at /Users/Matt/.nvm/versions/node/v11.6.0/lib/node_modules/yarn/lib/cli.js:1625:59
      at Generator.next (<anonymous>)
      at step (/Users/Matt/.nvm/versions/node/v11.6.0/lib/node_modules/yarn/lib/cli.js:304:30)
      at /Users/Matt/.nvm/versions/node/v11.6.0/lib/node_modules/yarn/lib/cli.js:315:13

npm manifest: 
  {
    "name": "hirely",
    "private": true,
    "dependencies": {}
  },
  {
    "buildpacks": [
      {
        "url": "https://github.com/heroku/heroku-buildpack-pgbouncer"
      },
      {
        "url": "heroku/ruby"
      }
    ]
  }

yarn manifest: 
  No manifest

Lockfile: 
  No lockfile
